---
driver=<class 'textual.drivers.windows_driver.WindowsDriver'>
Load() >>> CalculatorApp(title='Textual')
event monitor constructed
event monitor thread started
Mount() >>> CalculatorApp(title='Calculator Test')
Mount() >>> DockView(name='DockView#1')
Mount() >>> Calculator(name='Calculator#1')
Mount() >>> Calculator(name='Calculator#1')
Mount() >>> ScrollView(name='ScrollView#1')
Mount() >>> ScrollView(name='ScrollView#1')
Mount() >>> WindowView(name='WindowView#1')
TRANSLATING layout
view.forwarded Key(key='}')
Key(key='}') >>> CalculatorApp(title='Calculator Test')
Key(key='}') >>> CalculatorApp(title='Calculator Test')
view.forwarded Key(key='ctrl+h')
Key(key='ctrl+h') >>> CalculatorApp(title='Calculator Test')
Key(key='ctrl+h') >>> CalculatorApp(title='Calculator Test')
view.forwarded Key(key='9')
Key(key='9') >>> CalculatorApp(title='Calculator Test')
Key(key='9') >>> CalculatorApp(title='Calculator Test')
view.forwarded Key(key='ctrl+h')
Key(key='ctrl+h') >>> CalculatorApp(title='Calculator Test')
Key(key='ctrl+h') >>> CalculatorApp(title='Calculator Test')
view.forwarded Key(key='ctrl+h')
Key(key='ctrl+h') >>> CalculatorApp(title='Calculator Test')
Key(key='ctrl+h') >>> CalculatorApp(title='Calculator Test')
view.forwarded Key(key='ctrl+h')
Key(key='ctrl+h') >>> CalculatorApp(title='Calculator Test')
Key(key='ctrl+h') >>> CalculatorApp(title='Calculator Test')
view.forwarded Key(key='ctrl+@')
view.forwarded Key(key='/')
Key(key='ctrl+@') >>> CalculatorApp(title='Calculator Test')
Key(key='ctrl+@') >>> CalculatorApp(title='Calculator Test')
Key(key='/') >>> CalculatorApp(title='Calculator Test')
Key(key='/') >>> CalculatorApp(title='Calculator Test')
view.forwarded Key(key='ctrl+@')
view.forwarded Key(key='*')
Key(key='ctrl+@') >>> CalculatorApp(title='Calculator Test')
Key(key='ctrl+@') >>> CalculatorApp(title='Calculator Test')
Key(key='*') >>> CalculatorApp(title='Calculator Test')
Key(key='*') >>> CalculatorApp(title='Calculator Test')
view.forwarded Key(key='-')
Key(key='-') >>> CalculatorApp(title='Calculator Test')
Key(key='-') >>> CalculatorApp(title='Calculator Test')
view.forwarded Key(key='ctrl+h')
Key(key='ctrl+h') >>> CalculatorApp(title='Calculator Test')
Key(key='ctrl+h') >>> CalculatorApp(title='Calculator Test')
view.forwarded Key(key='ctrl+h')
Key(key='ctrl+h') >>> CalculatorApp(title='Calculator Test')
Key(key='ctrl+h') >>> CalculatorApp(title='Calculator Test')
view.forwarded Key(key='ctrl+h')
Key(key='ctrl+h') >>> CalculatorApp(title='Calculator Test')
Key(key='ctrl+h') >>> CalculatorApp(title='Calculator Test')
view.forwarded Key(key='ctrl+h')
Key(key='ctrl+h') >>> CalculatorApp(title='Calculator Test')
Key(key='ctrl+h') >>> CalculatorApp(title='Calculator Test')
view.forwarded Key(key='ctrl+h')
Key(key='ctrl+h') >>> CalculatorApp(title='Calculator Test')
Key(key='ctrl+h') >>> CalculatorApp(title='Calculator Test')
view.forwarded Key(key='ctrl+h')
Key(key='ctrl+h') >>> CalculatorApp(title='Calculator Test')
Key(key='ctrl+h') >>> CalculatorApp(title='Calculator Test')
view.forwarded Key(key='ctrl+h')
Key(key='ctrl+h') >>> CalculatorApp(title='Calculator Test')
Key(key='ctrl+h') >>> CalculatorApp(title='Calculator Test')
view.forwarded Key(key='ctrl+h')
Key(key='ctrl+h') >>> CalculatorApp(title='Calculator Test')
Key(key='ctrl+h') >>> CalculatorApp(title='Calculator Test')
view.forwarded Key(key='5')
Key(key='5') >>> CalculatorApp(title='Calculator Test')
Key(key='5') >>> CalculatorApp(title='Calculator Test')
view.forwarded Key(key='4')
Key(key='4') >>> CalculatorApp(title='Calculator Test')
Key(key='4') >>> CalculatorApp(title='Calculator Test')
view.forwarded Key(key='8')
Key(key='8') >>> CalculatorApp(title='Calculator Test')
Key(key='8') >>> CalculatorApp(title='Calculator Test')
view.forwarded Key(key='ctrl+h')
Key(key='ctrl+h') >>> CalculatorApp(title='Calculator Test')
Key(key='ctrl+h') >>> CalculatorApp(title='Calculator Test')
view.forwarded Key(key='ctrl+h')
Key(key='ctrl+h') >>> CalculatorApp(title='Calculator Test')
Key(key='ctrl+h') >>> CalculatorApp(title='Calculator Test')
view.forwarded Key(key='ctrl+h')
Key(key='ctrl+h') >>> CalculatorApp(title='Calculator Test')
Key(key='ctrl+h') >>> CalculatorApp(title='Calculator Test')
view.forwarded Key(key='ctrl+h')
Key(key='ctrl+h') >>> CalculatorApp(title='Calculator Test')
Key(key='ctrl+h') >>> CalculatorApp(title='Calculator Test')
view.forwarded Key(key='-')
Key(key='-') >>> CalculatorApp(title='Calculator Test')
Key(key='-') >>> CalculatorApp(title='Calculator Test')
view.forwarded Key(key='8')
Key(key='8') >>> CalculatorApp(title='Calculator Test')
Key(key='8') >>> CalculatorApp(title='Calculator Test')
view.forwarded Key(key='8')
Key(key='8') >>> CalculatorApp(title='Calculator Test')
Key(key='8') >>> CalculatorApp(title='Calculator Test')
view.forwarded Key(key='7')
Key(key='7') >>> CalculatorApp(title='Calculator Test')
Key(key='7') >>> CalculatorApp(title='Calculator Test')
view.forwarded Key(key='5')
Key(key='5') >>> CalculatorApp(title='Calculator Test')
Key(key='5') >>> CalculatorApp(title='Calculator Test')
view.forwarded Key(key='2')
Key(key='2') >>> CalculatorApp(title='Calculator Test')
Key(key='2') >>> CalculatorApp(title='Calculator Test')
view.forwarded Key(key='q')
Key(key='q') >>> CalculatorApp(title='Calculator Test')
Key(key='q') >>> CalculatorApp(title='Calculator Test')
ACTION CalculatorApp(title='Calculator Test') quit
event monitor thread finished
CLOSED CalculatorApp(title='Calculator Test')
PROCESS END
